<?xml version="1.0" encoding="UTF-8"?>
<testng-results ignored="0" total="1" passed="1" failed="0" skipped="0">
  <reporter-output>
  </reporter-output>
  <suite started-at="2023-03-29T09:49:22 BST" name="Default suite" finished-at="2023-03-29T09:49:48 BST" duration-ms="26319">
    <groups>
    </groups>
    <test started-at="2023-03-29T09:49:22 BST" name="Default test" finished-at="2023-03-29T09:49:48 BST" duration-ms="26319">
      <class name="nexttest.practice">
        <test-method signature="titl()[pri:0, instance:nexttest.practice@130c12b7]" started-at="2023-03-29T09:49:22 BST" name="titl" finished-at="2023-03-29T09:49:48 BST" duration-ms="26284" status="PASS">
          <reporter-output>
          </reporter-output>
        </test-method> <!-- titl -->
      </class> <!-- nexttest.practice -->
    </test> <!-- Default test -->
  </suite> <!-- Default suite -->
</testng-results>
